<?xml version="1.0" encoding="UTF-8"?>
<!-- Generated by org.testng.reporters.JUnitReportReporter -->
<testsuite hostname="Dhruv" failures="0" tests="3" name="testcases.LoginTest" time="47.099" errors="0" timestamp="30 अप्रैल 2023 03:51:19 GMT" skipped="0">
  <testcase classname="testcases.LoginTest" name="test4" time="14.399"/>
  <testcase classname="testcases.LoginTest" name="test1" time="17.128"/>
  <testcase classname="testcases.LoginTest" name="test2" time="15.572"/>
</testsuite> <!-- testcases.LoginTest -->
