<?xml version="1.0" encoding="UTF-8"?>
<!-- Generated by org.testng.reporters.JUnitReportReporter -->
<testsuite hostname="Dhruv" failures="0" tests="1" name="testcases.HomePageTest" time="6.775" errors="0" timestamp="05 May 2023 09:48:47 GMT" skipped="0">
  <testcase classname="testcases.HomePageTest" name="test3" time="6.775"/>
</testsuite> <!-- testcases.HomePageTest -->
