<?xml version="1.0" encoding="UTF-8"?>
<!-- Generated by org.testng.reporters.JUnitReportReporter -->
<testsuite skipped="0" hostname="Dhruv" name="testcases.HomePageTest" tests="1" failures="0" timestamp="05 May 2023 10:09:50 GMT" time="6.712" errors="0">
  <testcase name="test3" time="6.712" classname="testcases.HomePageTest"/>
</testsuite> <!-- testcases.HomePageTest -->
