<?xml version="1.0" encoding="UTF-8"?>
<!-- Generated by org.testng.reporters.JUnitReportReporter -->
<testsuite hostname="Dhruv" failures="0" tests="3" name="testcases.LoginTest" time="39.510" errors="0" timestamp="30 अप्रैल 2023 03:31:10 GMT" skipped="0">
  <testcase classname="testcases.LoginTest" name="test4" time="11.136"/>
  <testcase classname="testcases.LoginTest" name="test1" time="15.475"/>
  <testcase classname="testcases.LoginTest" name="test2" time="12.899"/>
</testsuite> <!-- testcases.LoginTest -->
